ď»ż
> techpulse-2026@1.0.0 build
> next build

node.exe :  Î“ĂśĂˇ 
Warning: Next.js 
inferred your 
workspace root, but it 
may not be correct.
At line:1 char:1
+ & "C:\Program 
Files\nodejs/node.exe" 
"C:\Program 
Files\nodejs/node_mo 
...
+ ~~~~~~~~~~~~~~~~~~~~~
~~~~~~~~~~~~~~~~~~~~~~~
~~~~~~~~~~~~~~~~~~~~~~~
~~
    + CategoryInfo     
         : NotSpecifi  
  ed: ( Î“ĂśĂˇ Warning:   
  N...not be correc    
t.:String) [], Rem    
oteException
    + FullyQualifiedEr 
   rorId : NativeComm  
  andError
 
 We detected multiple 
lockfiles and selected 
the directory of C:\Use
rs\prana\package-lock.j
son as the root 
directory.
 To silence this 
warning, set `outputFil
eTracingRoot` in your 
Next.js config, or 
consider removing one 
of the lockfiles if 
it's not needed.
   See https://nextjs.o
rg/docs/app/api-referen
ce/config/next-config-j
s/output#caveats for 
more information.
 Detected additional 
lockfiles: 
   * C:\Users\prana\Dow
nloads\Techpulse-2026\p
ackage-lock.json

   Î“Ă»â–“ Next.js 15.5.12

   Creating an optimized production build ...
 Î“ÂŁĂ´ Compiled successfully in 2.6s
   Linting and checking validity of types ...
 Î“ÂżÂ» ESLint must be 
installed in order to 
run during builds: npm 
install --save-dev 
eslint
   Collecting page data ...
   Generating static pages (0/13) ...
   Generating static pages (3/13) 
   Generating static pages (6/13) 
   Generating static pages (9/13) 
 Î“ÂŁĂ´ Generating static pages (13/13)
   Finalizing page optimization ...
   Collecting build traces ...

Route (app)                                 Size  First Load JS
Î“Ă¶Ă® Î“ĂąĂŻ /                                    20.5 kB         166 kB
Î“Ă¶ÂŁ Î“ĂąĂŻ /_not-found                            995 B         103 kB
Î“Ă¶ÂŁ â•žĂ† /api/hang-the-hacker/leaderboard       130 B         102 kB
Î“Ă¶ÂŁ â•žĂ† /api/leaderboard                       130 B         102 kB
Î“Ă¶ÂŁ â•žĂ† /api/register                          130 B         102 kB
Î“Ă¶ÂŁ Î“ĂąĂŻ /events                               4.4 kB         150 kB
Î“Ă¶ÂŁ Î“ĂąĂŻ /leaderboard                           884 B         143 kB
Î“Ă¶ÂŁ Î“ĂąĂŻ /play/hang-the-hacker                6.55 kB         152 kB
Î“Ă¶ÂŁ Î“ĂąĂŻ /play/hang-the-hacker/leaderboard    1.77 kB         148 kB
Î“Ă¶ÂŁ Î“ĂąĂŻ /register                            1.11 kB         144 kB
Î“Ă¶Ă¶ Î“ĂąĂŻ /schedule                             1.6 kB         144 kB
+ First Load JS shared by all             102 kB
  Î“Ă¶ÂŁ chunks/255-ebd51be49873d76c.js         46 kB
  Î“Ă¶ÂŁ chunks/4bd1b696-c023c6e3521b1417.js  54.2 kB
  Î“Ă¶Ă¶ other shared chunks (total)          1.99 kB


Î“ĂąĂŻ  (Static)   prerendered as static content
â•žĂ†  (Dynamic)  server-rendered on demand

